?   	github.com/karolswdev/ticktr/internal/core/domain	[no test files]
?   	github.com/karolswdev/ticktr/internal/core/ports	[no test files]
=== RUN   TestCLI_WithForceFlag_OnPartialError_UploadsValidTasks
--- PASS: TestCLI_WithForceFlag_OnPartialError_UploadsValidTasks (0.00s)
=== RUN   TestForcePartialUploadLogic
=== RUN   TestForcePartialUploadLogic/Force_flag_with_errors_-_should_not_exit_with_error
=== RUN   TestForcePartialUploadLogic/No_force_flag_with_errors_-_should_exit_with_error
=== RUN   TestForcePartialUploadLogic/Force_flag_without_errors_-_should_not_exit_with_error
=== RUN   TestForcePartialUploadLogic/No_force_flag_without_errors_-_should_not_exit_with_error
--- PASS: TestForcePartialUploadLogic (0.00s)
    --- PASS: TestForcePartialUploadLogic/Force_flag_with_errors_-_should_not_exit_with_error (0.00s)
    --- PASS: TestForcePartialUploadLogic/No_force_flag_with_errors_-_should_exit_with_error (0.00s)
    --- PASS: TestForcePartialUploadLogic/Force_flag_without_errors_-_should_not_exit_with_error (0.00s)
    --- PASS: TestForcePartialUploadLogic/No_force_flag_without_errors_-_should_not_exit_with_error (0.00s)
=== RUN   TestVerboseFlagOutput
--- PASS: TestVerboseFlagOutput (0.00s)
=== RUN   TestCli_ReadsConfigAndDefaults
--- PASS: TestCli_ReadsConfigAndDefaults (0.00s)
=== RUN   TestSchemaCmd_GeneratesValidYaml
--- PASS: TestSchemaCmd_GeneratesValidYaml (0.00s)
PASS
ok  	github.com/karolswdev/ticktr/cmd/ticketr	0.002s
=== RUN   TestParser_ParseInput_ValidFile_ReturnsCorrectStoryCount
--- PASS: TestParser_ParseInput_ValidFile_ReturnsCorrectStoryCount (0.00s)
=== RUN   TestParser_ParseInput_TaskWithDetails_CorrectlyPopulatesTaskFields
--- PASS: TestParser_ParseInput_TaskWithDetails_CorrectlyPopulatesTaskFields (0.00s)
=== RUN   TestParser_ParseInput_WithAndWithoutJiraKeys_CorrectlyPopulatesIDs
--- PASS: TestParser_ParseInput_WithAndWithoutJiraKeys_CorrectlyPopulatesIDs (0.00s)
=== RUN   TestParser_ParseInput_MalformedStoryHeading_ReturnsErrorAndNoStories
--- PASS: TestParser_ParseInput_MalformedStoryHeading_ReturnsErrorAndNoStories (0.00s)
PASS
ok  	github.com/karolswdev/ticktr/internal/adapters/filesystem	0.002s
=== RUN   TestJiraAdapter_NewClient_WithEnvVars_AuthenticatesSuccessfully
--- PASS: TestJiraAdapter_NewClient_WithEnvVars_AuthenticatesSuccessfully (0.40s)
=== RUN   TestJiraAdapter_CreateStory_ValidStory_ReturnsNewJiraID
    jira_adapter_test.go:61: Failed to create story: failed to create story with status 400: {"errorMessages":[],"errors":{"issuetype":"The issue type selected is invalid."}}
--- FAIL: TestJiraAdapter_CreateStory_ValidStory_ReturnsNewJiraID (0.31s)
=== RUN   TestJiraAdapter_UpdateStory_ValidStoryWithID_Succeeds
    jira_adapter_test.go:97: Failed to create initial story: failed to create story with status 400: {"errorMessages":[],"errors":{"issuetype":"The issue type selected is invalid."}}
--- FAIL: TestJiraAdapter_UpdateStory_ValidStoryWithID_Succeeds (0.30s)
FAIL
FAIL	github.com/karolswdev/ticktr/internal/adapters/jira	1.010s
=== RUN   TestTicketService_CalculateFinalFields
--- PASS: TestTicketService_CalculateFinalFields (0.00s)
PASS
ok  	github.com/karolswdev/ticktr/internal/core/services	0.001s
=== RUN   TestParser_RecognizesTicketBlock
--- PASS: TestParser_RecognizesTicketBlock (0.00s)
=== RUN   TestParser_ParsesNestedTasks
--- PASS: TestParser_ParsesNestedTasks (0.00s)
PASS
ok  	github.com/karolswdev/ticktr/internal/parser	0.001s
FAIL
